<?xml version="1.0" encoding="UTF-8"?>
<!-- Generated by org.testng.reporters.JUnitReportReporter -->
<testsuite hostname="Maddys-MacBook-Air.local" failures="0" tests="6" name="testCases.TC003_LoginDDT" time="47.529" errors="0" timestamp="2025-07-11T17:20:19 IST" skipped="0">
  <testcase classname="testCases.TC003_LoginDDT" name="verify_loginDDT" time="7.589"/>
  <testcase classname="testCases.TC003_LoginDDT" name="verify_loginDDT" time="10.865"/>
  <testcase classname="testCases.TC003_LoginDDT" name="verify_loginDDT" time="6.590"/>
  <testcase classname="testCases.TC003_LoginDDT" name="verify_loginDDT" time="7.322"/>
  <testcase classname="testCases.TC003_LoginDDT" name="verify_loginDDT" time="7.709"/>
  <testcase classname="testCases.TC003_LoginDDT" name="verify_loginDDT" time="7.454"/>
</testsuite> <!-- testCases.TC003_LoginDDT -->
