<?xml version="1.0" encoding="UTF-8"?>
<!-- Generated by org.testng.reporters.JUnitReportReporter -->
<testsuite hostname="Maddys-MacBook-Air.local" failures="0" tests="1" name="testCases.TC001_AccountRegistrationTest" time="1.490" errors="0" timestamp="2025-07-17T18:17:31 IST" skipped="0">
  <testcase classname="testCases.TC001_AccountRegistrationTest" name="verify_account_registration" time="1.490"/>
</testsuite> <!-- testCases.TC001_AccountRegistrationTest -->
