<?xml version="1.0" encoding="UTF-8"?>
<!-- Generated by org.testng.reporters.JUnitReportReporter -->
<testsuite hostname="Maddys-MacBook-Air.local" failures="0" tests="1" name="testCases.TC002_LoginTest" time="1.049" errors="0" timestamp="2025-07-17T18:17:31 IST" skipped="0">
  <testcase classname="testCases.TC002_LoginTest" name="verify_login" time="1.049"/>
</testsuite> <!-- testCases.TC002_LoginTest -->
